<?xml version="1.0" encoding="utf-8"?><testsuites name="pytest tests"><testsuite name="pytest" errors="0" failures="3" skipped="0" tests="34" time="3.201" timestamp="2026-09-10T12:58:22.080747+05:30" hostname="jashwanthsai.local"><testcase classname="tests.test_security_extended" name="test_anonymous_private_read_matrix[/api/contracts]" time="0.039" /><testcase classname="tests.test_security_extended" name="test_anonymous_private_read_matrix[/api/contracts?include_deleted=true]" time="0.032" /><testcase classname="tests.test_security_extended" name="test_anonymous_private_read_matrix[/api/contracts/1]" time="0.032" /><testcase classname="tests.test_security_extended" name="test_anonymous_private_read_matrix[/api/contracts/1/clauses]" time="0.032" /><testcase classname="tests.test_security_extended" name="test_anonymous_private_read_matrix[/api/contracts/1/effective-clauses]" time="0.035" /><testcase classname="tests.test_security_extended" name="test_anonymous_private_read_matrix[/api/tickets]" time="0.032" /><testcase classname="tests.test_security_extended" name="test_anonymous_private_read_matrix[/api/tickets/1/analysis]" time="0.029" /><testcase classname="tests.test_security_extended" name="test_anonymous_private_read_matrix[/api/tickets/1/history]" time="0.033" /><testcase classname="tests.test_security_extended" name="test_anonymous_private_read_matrix[/api/history]" time="0.036" /><testcase classname="tests.test_security_extended" name="test_anonymous_private_read_matrix[/api/dashboard/review-queue]" time="0.030" /><testcase classname="tests.test_security_extended" name="test_anonymous_private_read_matrix[/api/security/audit-events]" time="0.047" /><testcase classname="tests.test_security_extended" name="test_anonymous_private_read_matrix[/api/approvals]" time="0.029" /><testcase classname="tests.test_security_extended" name="test_anonymous_private_read_matrix[/api/approvals/1]" time="0.028" /><testcase classname="tests.test_security_extended" name="test_anonymous_private_read_matrix[/api/approvals/targets?target_type=CONTRACT]" time="0.029" /><testcase classname="tests.test_security_extended" name="test_anonymous_private_read_matrix[/api/approvals/targets?target_type=CHANGE_ORDER]" time="0.029" /><testcase classname="tests.test_security_extended" name="test_sessions_stop_authorizing_after_revocation[expired]" time="0.137" /><testcase classname="tests.test_security_extended" name="test_sessions_stop_authorizing_after_revocation[disabled-user]" time="0.140" /><testcase classname="tests.test_security_extended" name="test_sessions_stop_authorizing_after_revocation[logged-out]" time="0.138" /><testcase classname="tests.test_security_extended" name="test_oldest_session_is_evicted_at_configured_limit" time="0.233" /><testcase classname="tests.test_security_extended" name="test_foreign_origin_blocked_even_with_valid_csrf" time="0.129" /><testcase classname="tests.test_security_extended" name="test_password_hashes_use_unique_salts_and_reject_wrong_password" time="0.379" /><testcase classname="tests.test_security_extended" name="test_sql_metacharacters_are_data_not_queries" time="0.134" /><testcase classname="tests.test_security_extended" name="test_files_outside_assets_are_not_exposed[/.env]" time="0.027" /><testcase classname="tests.test_security_extended" name="test_files_outside_assets_are_not_exposed[/scope_sentinel.db]" time="0.028" /><testcase classname="tests.test_security_extended" name="test_files_outside_assets_are_not_exposed[/.local/bootstrap-token.txt]" time="0.028" /><testcase classname="tests.test_security_extended" name="test_files_outside_assets_are_not_exposed[/assets/%2e%2e/app/main.py]" time="0.031" /><testcase classname="tests.test_security_extended" name="test_bad_uploads_fail_without_persisting_documents[bad.exe-This is not a supported contract file.-415]" time="0.138" /><testcase classname="tests.test_security_extended" name="test_bad_uploads_fail_without_persisting_documents[broken.pdf-%PDF-1.4 not a valid PDF document-422]" time="0.134" /><testcase classname="tests.test_security_extended" name="test_bad_uploads_fail_without_persisting_documents[empty.txt--400]" time="0.134" /><testcase classname="tests.test_security_extended" name="test_bad_uploads_fail_without_persisting_documents[invalid.txt-\xff\xfe invalid utf8 file contents-422]" time="0.161" /><testcase classname="tests.test_security_extended" name="test_invalid_jira_signature_is_rejected" time="0.033" /><testcase classname="tests.test_security_extended" name="test_jira_unsupported_digest_does_not_crash" time="0.030"><failure message="AssertionError: QA-01: unsupported HMAC digest must not cause HTTP 500&#10;assert 500 in {400, 401}&#10; +  where 500 = &lt;Response [500 Internal Server Error]&gt;.status_code">tmp_path = PosixPath('/private/var/folders/y8/_xzhdc657g5d2nkj7qwxmjch0000gn/T/pytest-of-sai/pytest-13/test_jira_unsupported_digest_d0')
monkeypatch = &lt;_pytest.monkeypatch.MonkeyPatch object at 0x10c8bd9a0&gt;

    def test_jira_unsupported_digest_does_not_crash(tmp_path, monkeypatch):
        monkeypatch.setenv("JIRA_WEBHOOK_SECRET", "qa-jira-secret")
        client = TestClient(create_app(tmp_path / "jira-digest.db"), raise_server_exceptions=False)
        response = client.post("/api/webhooks/jira?contract_id=1", json={}, headers={"X-Hub-Signature": "shake_128=invalid"})
&gt;       assert response.status_code in {400, 401}, "QA-01: unsupported HMAC digest must not cause HTTP 500"
E       AssertionError: QA-01: unsupported HMAC digest must not cause HTTP 500
E       assert 500 in {400, 401}
E        +  where 500 = &lt;Response [500 Internal Server Error]&gt;.status_code

tests/test_security_extended.py:117: AssertionError</failure></testcase><testcase classname="tests.test_security_extended" name="test_jira_redelivery_does_not_create_duplicate_ticket" time="0.144"><failure message="AssertionError: QA-02: Jira redelivery currently creates duplicate ticket/analysis rows&#10;assert 2 == 1&#10; +  where 2 = len([{'acceptance_criteria': '', 'analysis_id': 2, 'confidence': 0.96, 'contract_id': 1, ...}, {'acceptance_criteria': '', 'analysis_id': 1, 'confidence': 0.96, 'contract_id': 1, ...}])&#10; +    where [{'acceptance_criteria': '', 'analysis_id': 2, 'confidence': 0.96, 'contract_id': 1, ...}, {'acceptance_criteria': '', 'analysis_id': 1, 'confidence': 0.96, 'contract_id': 1, ...}] = json()&#10; +      where json = &lt;Response [200 OK]&gt;.json&#10; +        where &lt;Response [200 OK]&gt; = get('/api/tickets')&#10; +          where get = &lt;starlette.testclient.TestClient object at 0x10c3f1ee0&gt;.get">tmp_path = PosixPath('/private/var/folders/y8/_xzhdc657g5d2nkj7qwxmjch0000gn/T/pytest-of-sai/pytest-13/test_jira_redelivery_does_not_0')
monkeypatch = &lt;_pytest.monkeypatch.MonkeyPatch object at 0x10c2fb9a0&gt;

    def test_jira_redelivery_does_not_create_duplicate_ticket(tmp_path, monkeypatch):
        monkeypatch.setenv("JIRA_WEBHOOK_SECRET", "qa-jira-secret")
        _, client = authenticated(tmp_path, monkeypatch)
        contract = client.post("/api/contracts/text", json={"title": "QA replay SOW", "content": SOW}).json()["id"]
        body = json.dumps({"issue": {"key": "QA-REPLAY-1", "fields": {"summary": "Build customer web portal", "description": "Implement customer web portal."}}}).encode()
        signature = "sha256=" + hmac.new(b"qa-jira-secret", body, hashlib.sha256).hexdigest()
        for _ in range(2):
            result = client.post(f"/api/webhooks/jira?contract_id={contract}", content=body, headers={"X-Hub-Signature": signature, "Content-Type": "application/json"})
            assert result.status_code in {200, 201, 409}
&gt;       assert len(client.get("/api/tickets").json()) == 1, "QA-02: Jira redelivery currently creates duplicate ticket/analysis rows"
E       AssertionError: QA-02: Jira redelivery currently creates duplicate ticket/analysis rows
E       assert 2 == 1
E        +  where 2 = len([{'acceptance_criteria': '', 'analysis_id': 2, 'confidence': 0.96, 'contract_id': 1, ...}, {'acceptance_criteria': '', 'analysis_id': 1, 'confidence': 0.96, 'contract_id': 1, ...}])
E        +    where [{'acceptance_criteria': '', 'analysis_id': 2, 'confidence': 0.96, 'contract_id': 1, ...}, {'acceptance_criteria': '', 'analysis_id': 1, 'confidence': 0.96, 'contract_id': 1, ...}] = json()
E        +      where json = &lt;Response [200 OK]&gt;.json
E        +        where &lt;Response [200 OK]&gt; = get('/api/tickets')
E        +          where get = &lt;starlette.testclient.TestClient object at 0x10c3f1ee0&gt;.get

tests/test_security_extended.py:129: AssertionError</failure></testcase><testcase classname="tests.test_security_extended" name="test_future_amendment_does_not_apply_before_effective_date" time="0.138"><failure message="AssertionError: QA-03: future-dated amendment replaces current scope immediately&#10;assert False&#10; +  where False = any(&lt;generator object test_future_amendment_does_not_apply_before_effective_date.&lt;locals&gt;.&lt;genexpr&gt; at 0x10c7690b0&gt;)">tmp_path = PosixPath('/private/var/folders/y8/_xzhdc657g5d2nkj7qwxmjch0000gn/T/pytest-of-sai/pytest-13/test_future_amendment_does_not0')
monkeypatch = &lt;_pytest.monkeypatch.MonkeyPatch object at 0x10c66d850&gt;

    def test_future_amendment_does_not_apply_before_effective_date(tmp_path, monkeypatch):
        _, client = authenticated(tmp_path, monkeypatch)
        contract = client.post("/api/contracts/text", json={"title": "QA effective dates", "content": SOW}).json()["id"]
        result = client.post(f"/api/contracts/{contract}/amendments/text", json={"title": "Future scope", "content": "5.1 Deliverable: Native mobile applications are included.", "version": "2.0", "effective_date": "2099-01-01", "supersedes_clause_refs": ["5.1"]})
        assert result.status_code == 201
        clauses = client.get(f"/api/contracts/{contract}/effective-clauses").json()
&gt;       assert any("excluded" in row["text"] for row in clauses), "QA-03: future-dated amendment replaces current scope immediately"
E       AssertionError: QA-03: future-dated amendment replaces current scope immediately
E       assert False
E        +  where False = any(&lt;generator object test_future_amendment_does_not_apply_before_effective_date.&lt;locals&gt;.&lt;genexpr&gt; at 0x10c7690b0&gt;)

tests/test_security_extended.py:138: AssertionError</failure></testcase></testsuite></testsuites>