<?xml version="1.0" encoding="utf-8"?><testsuites name="pytest tests"><testsuite name="pytest" errors="0" failures="4" skipped="0" tests="87" time="12.394" timestamp="2026-09-10T13:06:43.822950+05:30" hostname="jashwanthsai.local"><testcase classname="tests.test_api" name="test_document_library_and_editor_pages_are_served" time="0.060" /><testcase classname="tests.test_api" name="test_administration_is_a_separate_page" time="0.049" /><testcase classname="tests.test_api" name="test_administration_login_page_available_when_auth_required" time="0.035" /><testcase classname="tests.test_api" name="test_contract_can_be_soft_deleted_and_restored" time="0.048" /><testcase classname="tests.test_api" name="test_contract_ticket_analysis_and_change_order" time="0.049" /><testcase classname="tests.test_api" name="test_pm_can_override_ambiguous_ticket" time="0.042" /><testcase classname="tests.test_api" name="test_in_scope_ticket_cannot_create_change_order" time="0.047" /><testcase classname="tests.test_approvals" name="test_sow_approval_no_self_review_and_immutable_final_decision" time="1.093" /><testcase classname="tests.test_approvals" name="test_approval_access_and_csrf_are_enforced" time="0.960" /><testcase classname="tests.test_approvals" name="test_deleted_or_changed_snapshot_cannot_be_approved" time="1.002" /><testcase classname="tests.test_approvals" name="test_new_revision_does_not_inherit_approval" time="0.978" /><testcase classname="tests.test_approvals" name="test_commercial_draft_requires_different_sales_or_admin" time="0.987" /><testcase classname="tests.test_approvals" name="test_approval_pages_and_links" time="1.028" /><testcase classname="tests.test_milestone" name="test_amendment_supersedes_base_clause" time="0.063" /><testcase classname="tests.test_milestone" name="test_full_sow_revision_preserves_prior_document" time="0.040" /><testcase classname="tests.test_milestone" name="test_bootstrap_login_and_role_protected_queue" time="0.264" /><testcase classname="tests.test_milestone" name="test_jira_and_slack_signature_verification" time="0.000" /><testcase classname="tests.test_milestone" name="test_signed_slack_challenge" time="0.123" /><testcase classname="tests.test_milestone" name="test_llm_invented_clause_citation_falls_back" time="0.002" /><testcase classname="tests.test_realistic_data" name="test_realistic_ticket_decisions[NSR-101]" time="0.008" /><testcase classname="tests.test_realistic_data" name="test_realistic_ticket_decisions[NSR-102]" time="0.003" /><testcase classname="tests.test_realistic_data" name="test_realistic_ticket_decisions[NSR-103]" time="0.003" /><testcase classname="tests.test_realistic_data" name="test_realistic_ticket_decisions[NSR-104]" time="0.003" /><testcase classname="tests.test_realistic_data" name="test_realistic_ticket_decisions[NSR-105]" time="0.003" /><testcase classname="tests.test_realistic_data" name="test_realistic_ticket_decisions[NSR-106]" time="0.003" /><testcase classname="tests.test_realistic_data" name="test_realistic_ticket_decisions[NSR-107]" time="0.000" /><testcase classname="tests.test_realistic_data" name="test_realistic_ticket_decisions[NSR-108]" time="0.003" /><testcase classname="tests.test_realistic_data" name="test_realistic_ticket_decisions[NSR-109]" time="0.003" /><testcase classname="tests.test_realistic_data" name="test_realistic_ticket_decisions[NSR-110]" time="0.003" /><testcase classname="tests.test_realistic_data" name="test_realistic_ticket_decisions[NSR-111]" time="0.003" /><testcase classname="tests.test_realistic_data" name="test_realistic_ticket_decisions[NSR-112]" time="0.003" /><testcase classname="tests.test_security" name="test_security_headers_and_request_id" time="0.030" /><testcase classname="tests.test_security" name="test_trusted_host_rejects_unknown_host" time="0.034" /><testcase classname="tests.test_security" name="test_authenticated_browser_write_requires_csrf" time="0.145" /><testcase classname="tests.test_security" name="test_repeated_failed_login_temporarily_locks_account" time="0.454" /><testcase classname="tests.test_security" name="test_upload_size_limit" time="0.040" /><testcase classname="tests.test_security" name="test_private_api_requires_login_and_viewer_cannot_write" time="0.365" /><testcase classname="tests.test_security" name="test_csrf_is_required_without_origin_and_bound_to_session" time="0.141" /><testcase classname="tests.test_security" name="test_jira_requires_configured_signature" time="0.033" /><testcase classname="tests.test_security" name="test_csp_blocks_inline_code_and_api_responses_are_not_cached" time="0.050" /><testcase classname="tests.test_security" name="test_login_rate_limit_spans_different_email_addresses" time="0.041" /><testcase classname="tests.test_security" name="test_setup_token_guards_first_administrator" time="0.132" /><testcase classname="tests.test_security" name="test_secure_defaults_require_https_login_and_csrf" time="0.248" /><testcase classname="tests.test_security" name="test_http_entry_point_only_redirects_safe_navigation" time="0.003" /><testcase classname="tests.test_security_extended" name="test_text_pdf_can_be_uploaded_and_indexed" time="0.167" /><testcase classname="tests.test_security_extended" name="test_anonymous_private_read_matrix[/api/contracts]" time="0.032" /><testcase classname="tests.test_security_extended" name="test_anonymous_private_read_matrix[/api/contracts?include_deleted=true]" time="0.031" /><testcase classname="tests.test_security_extended" name="test_anonymous_private_read_matrix[/api/contracts/1]" time="0.029" /><testcase classname="tests.test_security_extended" name="test_anonymous_private_read_matrix[/api/contracts/1/clauses]" time="0.030" /><testcase classname="tests.test_security_extended" name="test_anonymous_private_read_matrix[/api/contracts/1/effective-clauses]" time="0.033" /><testcase classname="tests.test_security_extended" name="test_anonymous_private_read_matrix[/api/tickets]" time="0.031" /><testcase classname="tests.test_security_extended" name="test_anonymous_private_read_matrix[/api/tickets/1/analysis]" time="0.031" /><testcase classname="tests.test_security_extended" name="test_anonymous_private_read_matrix[/api/tickets/1/history]" time="0.034" /><testcase classname="tests.test_security_extended" name="test_anonymous_private_read_matrix[/api/history]" time="0.031" /><testcase classname="tests.test_security_extended" name="test_anonymous_private_read_matrix[/api/dashboard/review-queue]" time="0.033" /><testcase classname="tests.test_security_extended" name="test_anonymous_private_read_matrix[/api/security/audit-events]" time="0.032" /><testcase classname="tests.test_security_extended" name="test_anonymous_private_read_matrix[/api/approvals]" time="0.029" /><testcase classname="tests.test_security_extended" name="test_anonymous_private_read_matrix[/api/approvals/1]" time="0.032" /><testcase classname="tests.test_security_extended" name="test_anonymous_private_read_matrix[/api/approvals/targets?target_type=CONTRACT]" time="0.031" /><testcase classname="tests.test_security_extended" name="test_anonymous_private_read_matrix[/api/approvals/targets?target_type=CHANGE_ORDER]" time="0.029" /><testcase classname="tests.test_security_extended" name="test_sessions_stop_authorizing_after_revocation[expired]" time="0.138" /><testcase classname="tests.test_security_extended" name="test_sessions_stop_authorizing_after_revocation[disabled-user]" time="0.137" /><testcase classname="tests.test_security_extended" name="test_sessions_stop_authorizing_after_revocation[logged-out]" time="0.139" /><testcase classname="tests.test_security_extended" name="test_oldest_session_is_evicted_at_configured_limit" time="0.315" /><testcase classname="tests.test_security_extended" name="test_foreign_origin_blocked_even_with_valid_csrf" time="0.133" /><testcase classname="tests.test_security_extended" name="test_password_hashes_use_unique_salts_and_reject_wrong_password" time="0.419" /><testcase classname="tests.test_security_extended" name="test_sql_metacharacters_are_data_not_queries" time="0.138" /><testcase classname="tests.test_security_extended" name="test_files_outside_assets_are_not_exposed[/.env]" time="0.027" /><testcase classname="tests.test_security_extended" name="test_files_outside_assets_are_not_exposed[/scope_sentinel.db]" time="0.026" /><testcase classname="tests.test_security_extended" name="test_files_outside_assets_are_not_exposed[/.local/bootstrap-token.txt]" time="0.027" /><testcase classname="tests.test_security_extended" name="test_files_outside_assets_are_not_exposed[/assets/%2e%2e/app/main.py]" time="0.027" /><testcase classname="tests.test_security_extended" name="test_bad_uploads_fail_without_persisting_documents[bad.exe-This is not a supported contract file.-415]" time="0.132" /><testcase classname="tests.test_security_extended" name="test_bad_uploads_fail_without_persisting_documents[broken.pdf-%PDF-1.4 not a valid PDF document-422]" time="0.194" /><testcase classname="tests.test_security_extended" name="test_bad_uploads_fail_without_persisting_documents[empty.txt--400]" time="0.142" /><testcase classname="tests.test_security_extended" name="test_bad_uploads_fail_without_persisting_documents[invalid.txt-\xff\xfe invalid utf8 file contents-422]" time="0.139" /><testcase classname="tests.test_security_extended" name="test_invalid_jira_signature_is_rejected" time="0.032" /><testcase classname="tests.test_security_extended" name="test_jira_unsupported_digest_does_not_crash" time="0.032"><failure message="AssertionError: QA-01: unsupported HMAC digest must not cause HTTP 500&#10;assert 500 in {400, 401}&#10; +  where 500 = &lt;Response [500 Internal Server Error]&gt;.status_code">tmp_path = PosixPath('/private/var/folders/y8/_xzhdc657g5d2nkj7qwxmjch0000gn/T/pytest-of-sai/pytest-15/test_jira_unsupported_digest_d0')
monkeypatch = &lt;_pytest.monkeypatch.MonkeyPatch object at 0x107cea160&gt;

    def test_jira_unsupported_digest_does_not_crash(tmp_path, monkeypatch):
        monkeypatch.setenv("JIRA_WEBHOOK_SECRET", "qa-jira-secret")
        client = TestClient(create_app(tmp_path / "jira-digest.db"), raise_server_exceptions=False)
        response = client.post("/api/webhooks/jira?contract_id=1", json={}, headers={"X-Hub-Signature": "shake_128=invalid"})
&gt;       assert response.status_code in {400, 401}, "QA-01: unsupported HMAC digest must not cause HTTP 500"
E       AssertionError: QA-01: unsupported HMAC digest must not cause HTTP 500
E       assert 500 in {400, 401}
E        +  where 500 = &lt;Response [500 Internal Server Error]&gt;.status_code

tests/test_security_extended.py:137: AssertionError</failure></testcase><testcase classname="tests.test_security_extended" name="test_jira_redelivery_does_not_create_duplicate_ticket" time="0.153"><failure message="AssertionError: QA-02: Jira redelivery currently creates duplicate ticket/analysis rows&#10;assert 2 == 1&#10; +  where 2 = len([{'acceptance_criteria': '', 'analysis_id': 2, 'confidence': 0.96, 'contract_id': 1, ...}, {'acceptance_criteria': '', 'analysis_id': 1, 'confidence': 0.96, 'contract_id': 1, ...}])&#10; +    where [{'acceptance_criteria': '', 'analysis_id': 2, 'confidence': 0.96, 'contract_id': 1, ...}, {'acceptance_criteria': '', 'analysis_id': 1, 'confidence': 0.96, 'contract_id': 1, ...}] = json()&#10; +      where json = &lt;Response [200 OK]&gt;.json&#10; +        where &lt;Response [200 OK]&gt; = get('/api/tickets')&#10; +          where get = &lt;starlette.testclient.TestClient object at 0x108336d90&gt;.get">tmp_path = PosixPath('/private/var/folders/y8/_xzhdc657g5d2nkj7qwxmjch0000gn/T/pytest-of-sai/pytest-15/test_jira_redelivery_does_not_0')
monkeypatch = &lt;_pytest.monkeypatch.MonkeyPatch object at 0x108327c70&gt;

    def test_jira_redelivery_does_not_create_duplicate_ticket(tmp_path, monkeypatch):
        monkeypatch.setenv("JIRA_WEBHOOK_SECRET", "qa-jira-secret")
        _, client = authenticated(tmp_path, monkeypatch)
        contract = client.post("/api/contracts/text", json={"title": "QA replay SOW", "content": SOW}).json()["id"]
        body = json.dumps({"issue": {"key": "QA-REPLAY-1", "fields": {"summary": "Build customer web portal", "description": "Implement customer web portal."}}}).encode()
        signature = "sha256=" + hmac.new(b"qa-jira-secret", body, hashlib.sha256).hexdigest()
        for _ in range(2):
            result = client.post(f"/api/webhooks/jira?contract_id={contract}", content=body, headers={"X-Hub-Signature": signature, "Content-Type": "application/json"})
            assert result.status_code in {200, 201, 409}
&gt;       assert len(client.get("/api/tickets").json()) == 1, "QA-02: Jira redelivery currently creates duplicate ticket/analysis rows"
E       AssertionError: QA-02: Jira redelivery currently creates duplicate ticket/analysis rows
E       assert 2 == 1
E        +  where 2 = len([{'acceptance_criteria': '', 'analysis_id': 2, 'confidence': 0.96, 'contract_id': 1, ...}, {'acceptance_criteria': '', 'analysis_id': 1, 'confidence': 0.96, 'contract_id': 1, ...}])
E        +    where [{'acceptance_criteria': '', 'analysis_id': 2, 'confidence': 0.96, 'contract_id': 1, ...}, {'acceptance_criteria': '', 'analysis_id': 1, 'confidence': 0.96, 'contract_id': 1, ...}] = json()
E        +      where json = &lt;Response [200 OK]&gt;.json
E        +        where &lt;Response [200 OK]&gt; = get('/api/tickets')
E        +          where get = &lt;starlette.testclient.TestClient object at 0x108336d90&gt;.get

tests/test_security_extended.py:149: AssertionError</failure></testcase><testcase classname="tests.test_security_extended" name="test_future_amendment_does_not_apply_before_effective_date" time="0.140"><failure message="AssertionError: QA-03: future-dated amendment replaces current scope immediately&#10;assert False&#10; +  where False = any(&lt;generator object test_future_amendment_does_not_apply_before_effective_date.&lt;locals&gt;.&lt;genexpr&gt; at 0x1083cec80&gt;)">tmp_path = PosixPath('/private/var/folders/y8/_xzhdc657g5d2nkj7qwxmjch0000gn/T/pytest-of-sai/pytest-15/test_future_amendment_does_not0')
monkeypatch = &lt;_pytest.monkeypatch.MonkeyPatch object at 0x1083e27f0&gt;

    def test_future_amendment_does_not_apply_before_effective_date(tmp_path, monkeypatch):
        _, client = authenticated(tmp_path, monkeypatch)
        contract = client.post("/api/contracts/text", json={"title": "QA effective dates", "content": SOW}).json()["id"]
        result = client.post(f"/api/contracts/{contract}/amendments/text", json={"title": "Future scope", "content": "5.1 Deliverable: Native mobile applications are included.", "version": "2.0", "effective_date": "2099-01-01", "supersedes_clause_refs": ["5.1"]})
        assert result.status_code == 201
        clauses = client.get(f"/api/contracts/{contract}/effective-clauses").json()
&gt;       assert any("excluded" in row["text"] for row in clauses), "QA-03: future-dated amendment replaces current scope immediately"
E       AssertionError: QA-03: future-dated amendment replaces current scope immediately
E       assert False
E        +  where False = any(&lt;generator object test_future_amendment_does_not_apply_before_effective_date.&lt;locals&gt;.&lt;genexpr&gt; at 0x1083cec80&gt;)

tests/test_security_extended.py:158: AssertionError</failure></testcase><testcase classname="tests.test_security_extended" name="test_scope_reason_does_not_describe_excluded_erp_as_contracted_provider" time="0.136"><failure message="AssertionError: QA-04: exclusion text is misidentified as a contracted provider&#10;assert 'contracted one (ERP)' not in 'The ticket ... capability.'&#10;  &#10;  'contracted one (ERP)' is contained here:&#10;     from the contracted one (ERP) for the same capability.&#10;  ?           ++++++++++++++++++++">tmp_path = PosixPath('/private/var/folders/y8/_xzhdc657g5d2nkj7qwxmjch0000gn/T/pytest-of-sai/pytest-15/test_scope_reason_does_not_des0')
monkeypatch = &lt;_pytest.monkeypatch.MonkeyPatch object at 0x10805cf70&gt;

    def test_scope_reason_does_not_describe_excluded_erp_as_contracted_provider(tmp_path, monkeypatch):
        _, client = authenticated(tmp_path, monkeypatch)
        content = "4.1 Payment Integration: Process standard credit-card checkout payments through Stripe. Stripe webhooks are included.\n\n5.1 Exclusions: Native mobile applications, cryptocurrency payments and ERP integrations are not included."
        contract = client.post("/api/contracts/text", json={"title": "QA provider explanation", "content": content}).json()["id"]
        ticket = client.post("/api/tickets", json={"contract_id": contract, "title": "Add Coinbase cryptocurrency checkout", "description": "Add Coinbase Commerce as a second payment provider with cryptocurrency payment webhooks.", "acceptance_criteria": "A successful Coinbase cryptocurrency payment marks the customer order as paid."}).json()
        assert ticket["analysis"]["decision"] == "OUT_OF_SCOPE"
&gt;       assert "contracted one (ERP)" not in ticket["analysis"]["reason"], "QA-04: exclusion text is misidentified as a contracted provider"
E       AssertionError: QA-04: exclusion text is misidentified as a contracted provider
E       assert 'contracted one (ERP)' not in 'The ticket ... capability.'
E         
E         'contracted one (ERP)' is contained here:
E            from the contracted one (ERP) for the same capability.
E         ?           ++++++++++++++++++++

tests/test_security_extended.py:167: AssertionError</failure></testcase><testcase classname="tests.test_services" name="test_contract_is_split_and_classified" time="0.001" /><testcase classname="tests.test_services" name="test_semantically_supported_ticket_is_in_scope" time="0.001" /><testcase classname="tests.test_services" name="test_different_named_provider_is_out_of_scope" time="0.001" /><testcase classname="tests.test_services" name="test_explicit_exclusion_is_out_of_scope" time="0.001" /><testcase classname="tests.test_services" name="test_vague_ticket_requires_clarification" time="0.001" /><testcase classname="tests.test_services" name="test_similarity_is_bounded" time="0.000" /><testcase classname="tests.test_services" name="test_margin_aware_price" time="0.001" /></testsuite></testsuites>